2024-06-05 12:22:35,782 p=25433 u=mitanshu n=ansible | PLAY [all] ***************************************************************************************************************************************************
2024-06-05 12:22:35,787 p=25433 u=mitanshu n=ansible | TASK [Gathering Facts] ***************************************************************************************************************************************
2024-06-05 12:22:40,255 p=25433 u=mitanshu n=ansible | ok: [localhost]
2024-06-05 12:22:40,258 p=25433 u=mitanshu n=ansible | TASK [Update package cache (Debian)] *************************************************************************************************************************
2024-06-05 12:22:40,265 p=25433 u=mitanshu n=ansible | skipping: [localhost]
2024-06-05 12:22:40,267 p=25433 u=mitanshu n=ansible | TASK [Update package cache (Fedora)] *************************************************************************************************************************
2024-06-05 12:22:40,559 p=25433 u=mitanshu n=ansible | [WARNING]: Updating cache and auto-installing missing dependency: python3-apt

2024-06-05 12:22:40,559 p=25433 u=mitanshu n=ansible | fatal: [localhost]: FAILED! => {"changed": false, "cmd": "apt-get update", "msg": "[Errno 2] No such file or directory: b'apt-get'", "rc": 2, "stderr": "", "stderr_lines": [], "stdout": "", "stdout_lines": []}
2024-06-05 12:22:40,560 p=25433 u=mitanshu n=ansible | PLAY RECAP ***************************************************************************************************************************************************
2024-06-05 12:22:40,560 p=25433 u=mitanshu n=ansible | localhost                  : ok=1    changed=0    unreachable=0    failed=1    skipped=1    rescued=0    ignored=0   
2024-06-05 12:23:52,218 p=25633 u=mitanshu n=ansible | PLAY [all] ***************************************************************************************************************************************************
2024-06-05 12:23:52,222 p=25633 u=mitanshu n=ansible | TASK [Gathering Facts] ***************************************************************************************************************************************
2024-06-05 12:23:57,255 p=25633 u=mitanshu n=ansible | ok: [localhost]
2024-06-05 12:23:57,257 p=25633 u=mitanshu n=ansible | TASK [Update package cache (Debian)] *************************************************************************************************************************
2024-06-05 12:23:57,264 p=25633 u=mitanshu n=ansible | skipping: [localhost]
2024-06-05 12:23:57,268 p=25633 u=mitanshu n=ansible | TASK [Update package cache (Fedora)] *************************************************************************************************************************
2024-06-05 12:24:02,751 p=25633 u=mitanshu n=ansible | ok: [localhost]
2024-06-05 12:24:02,763 p=25633 u=mitanshu n=ansible | PLAY [all] ***************************************************************************************************************************************************
2024-06-05 12:24:02,766 p=25633 u=mitanshu n=ansible | TASK [Gathering Facts] ***************************************************************************************************************************************
2024-06-05 12:24:04,937 p=25633 u=mitanshu n=ansible | ok: [localhost]
2024-06-05 12:24:04,943 p=25633 u=mitanshu n=ansible | TASK [base : Update cache (Debian)] **************************************************************************************************************************
2024-06-05 12:24:04,949 p=25633 u=mitanshu n=ansible | skipping: [localhost]
2024-06-05 12:24:04,951 p=25633 u=mitanshu n=ansible | TASK [base : Update all packages to their latest version (Debian)] *******************************************************************************************
2024-06-05 12:24:04,958 p=25633 u=mitanshu n=ansible | skipping: [localhost]
2024-06-05 12:24:04,961 p=25633 u=mitanshu n=ansible | TASK [base : Update package cache (Fedora)] ******************************************************************************************************************
2024-06-05 12:24:22,180 p=25633 u=mitanshu n=ansible | ok: [localhost]
2024-06-05 12:24:22,183 p=25633 u=mitanshu n=ansible | TASK [base : Update all packages to their latest version (Fedora)] *******************************************************************************************
2024-06-05 12:24:37,428 p=25633 u=mitanshu n=ansible | changed: [localhost]
2024-06-05 12:24:37,438 p=25633 u=mitanshu n=ansible | PLAY [all] ***************************************************************************************************************************************************
2024-06-05 12:24:37,440 p=25633 u=mitanshu n=ansible | TASK [Gathering Facts] ***************************************************************************************************************************************
2024-06-05 12:24:42,487 p=25633 u=mitanshu n=ansible | ok: [localhost]
2024-06-05 12:24:42,494 p=25633 u=mitanshu n=ansible | TASK [cleanup package cache (Debian)] ************************************************************************************************************************
2024-06-05 12:24:42,500 p=25633 u=mitanshu n=ansible | skipping: [localhost]
2024-06-05 12:24:42,502 p=25633 u=mitanshu n=ansible | TASK [autoremove orphan packages (Debian)] *******************************************************************************************************************
2024-06-05 12:24:42,508 p=25633 u=mitanshu n=ansible | skipping: [localhost]
2024-06-05 12:24:42,510 p=25633 u=mitanshu n=ansible | TASK [autoremove orphan packages (Fedora)] *******************************************************************************************************************
2024-06-05 12:24:43,222 p=25633 u=mitanshu n=ansible | ok: [localhost]
2024-06-05 12:24:43,230 p=25633 u=mitanshu n=ansible | PLAY RECAP ***************************************************************************************************************************************************
2024-06-05 12:24:43,230 p=25633 u=mitanshu n=ansible | localhost                  : ok=7    changed=1    unreachable=0    failed=0    skipped=5    rescued=0    ignored=0   
2024-06-05 12:27:01,294 p=26432 u=mitanshu n=ansible | PLAY [all] ***************************************************************************************************************************************************
2024-06-05 12:27:01,299 p=26432 u=mitanshu n=ansible | TASK [Gathering Facts] ***************************************************************************************************************************************
2024-06-05 12:27:06,492 p=26432 u=mitanshu n=ansible | ok: [localhost]
2024-06-05 12:27:06,494 p=26432 u=mitanshu n=ansible | TASK [Update package cache (Debian)] *************************************************************************************************************************
2024-06-05 12:27:06,500 p=26432 u=mitanshu n=ansible | skipping: [localhost]
2024-06-05 12:27:06,503 p=26432 u=mitanshu n=ansible | TASK [Update package cache (Fedora)] *************************************************************************************************************************
2024-06-05 12:27:11,594 p=26432 u=mitanshu n=ansible | ok: [localhost]
2024-06-05 12:27:11,610 p=26432 u=mitanshu n=ansible | PLAY [all] ***************************************************************************************************************************************************
2024-06-05 12:27:11,613 p=26432 u=mitanshu n=ansible | TASK [Gathering Facts] ***************************************************************************************************************************************
2024-06-05 12:27:13,692 p=26432 u=mitanshu n=ansible | ok: [localhost]
2024-06-05 12:27:13,697 p=26432 u=mitanshu n=ansible | TASK [base : Update all packages to their latest version (Debian)] *******************************************************************************************
2024-06-05 12:27:13,703 p=26432 u=mitanshu n=ansible | skipping: [localhost]
2024-06-05 12:27:13,706 p=26432 u=mitanshu n=ansible | TASK [base : Update all packages to their latest version (Fedora)] *******************************************************************************************
2024-06-05 12:27:14,492 p=26432 u=mitanshu n=ansible | ok: [localhost]
2024-06-05 12:27:14,503 p=26432 u=mitanshu n=ansible | PLAY [all] ***************************************************************************************************************************************************
2024-06-05 12:27:14,506 p=26432 u=mitanshu n=ansible | TASK [Gathering Facts] ***************************************************************************************************************************************
2024-06-05 12:27:16,436 p=26432 u=mitanshu n=ansible | ok: [localhost]
2024-06-05 12:27:16,442 p=26432 u=mitanshu n=ansible | TASK [cleanup package cache (Debian)] ************************************************************************************************************************
2024-06-05 12:27:16,448 p=26432 u=mitanshu n=ansible | skipping: [localhost]
2024-06-05 12:27:16,451 p=26432 u=mitanshu n=ansible | TASK [autoremove orphan packages (Debian)] *******************************************************************************************************************
2024-06-05 12:27:16,458 p=26432 u=mitanshu n=ansible | skipping: [localhost]
2024-06-05 12:27:16,460 p=26432 u=mitanshu n=ansible | TASK [autoremove orphan packages (Fedora)] *******************************************************************************************************************
2024-06-05 12:27:17,144 p=26432 u=mitanshu n=ansible | ok: [localhost]
2024-06-05 12:27:17,152 p=26432 u=mitanshu n=ansible | PLAY RECAP ***************************************************************************************************************************************************
2024-06-05 12:27:17,153 p=26432 u=mitanshu n=ansible | localhost                  : ok=6    changed=0    unreachable=0    failed=0    skipped=4    rescued=0    ignored=0   
